<?xml version="1.0" encoding="UTF-8"?>
<!-- Generated by org.testng.reporters.JUnitReportReporter -->
<testsuite hostname="Suraj-PC" name="Demo.DemoTestoNE.NewTest" tests="1" failures="0" timestamp="6 Aug 2017 07:29:46 GMT" time="10.179" errors="0">
  <testcase name="f" time="10.179" classname="Demo.DemoTestoNE.NewTest"/>
</testsuite> <!-- Demo.DemoTestoNE.NewTest -->
